<component name="libraryTable">
  <library name="junit-4.13.1 (2)">
    <CLASSES>
      <root url="jar://$PROJECT_DIR$/jdbc/lib/junit-4.13.1.jar!/" />
    </CLASSES>
    <JAVADOC />
    <SOURCES />
  </library>
</component>